<?xml version="1.0" encoding="UTF-8"?>
<!-- Generated by org.testng.reporters.JUnitReportReporter -->
<testsuite hostname="DESKTOP-ARJSDPO" failures="0" tests="1" name="runner.OralCareRunner" time="23.320" errors="0" timestamp="2024-09-01T20:59:33 IST" skipped="0">
  <testcase classname="runner.OralCareRunner" name="runScenario" time="23.320"/>
</testsuite> <!-- runner.OralCareRunner -->
