<?xml version="1.0" encoding="UTF-8"?>
<!-- Generated by org.testng.reporters.JUnitReportReporter -->
<testsuite hostname="DESKTOP-ARJSDPO" failures="0" tests="1" name="runner.HealthcareRunner" time="21.363" errors="0" timestamp="2024-09-01T21:00:13 IST" skipped="0">
  <testcase classname="runner.HealthcareRunner" name="runScenario" time="21.363"/>
</testsuite> <!-- runner.HealthcareRunner -->
