<?xml version="1.0" encoding="UTF-8"?>
<!-- Generated by org.testng.reporters.JUnitReportReporter -->
<testsuite hostname="DESKTOP-ARJSDPO" failures="0" tests="1" name="runner.PainRelieversRunner" time="34.808" errors="0" timestamp="2024-09-01T20:58:50 IST" skipped="0">
  <testcase classname="runner.PainRelieversRunner" name="runScenario" time="34.808"/>
</testsuite> <!-- runner.PainRelieversRunner -->
